#
# A fatal error has been detected by the Java Runtime Environment:
#
#  SIGSEGV (0xb) at pc=0x000000010fe0c228, pid=7240, tid=18179
#
# JRE version: Java(TM) SE Runtime Environment (8.0_11-b12) (build 1.8.0_11-b12)
# Java VM: Java HotSpot(TM) 64-Bit Server VM (25.11-b03 mixed mode bsd-amd64 compressed oops)
# Problematic frame:
# V  [libjvm.dylib+0x40c228]
#
# Failed to write core dump. Core dumps have been disabled. To enable core dumping, try "ulimit -c unlimited" before starting Java again
#
# If you would like to submit a bug report, please visit:
#   http://bugreport.sun.com/bugreport/crash.jsp
#

---------------  T H R E A D  ---------------

Current thread (0x00007fe1b9012800):  JavaThread "JDWP Transport Listener: dt_socket" daemon [_thread_in_vm, id=18179, stack(0x0000000126b4e000,0x0000000126c4e000)]

siginfo:si_signo=SIGSEGV: si_errno=0, si_code=0 (SEGV0), si_addr=0x0000000000000000

Registers:
RAX=0x0000000000000001, RBX=0x0000000126c4da8b, RCX=0x00000001101b0780, RDX=0x0000000126c4da8b
RSP=0x0000000126c4d9d0, RBP=0x0000000126c4d9e0, RSI=0x00007fe1b9012800, RDI=0x6d754e6576697461
R8 =0x00007fe1b8f12280, R9 =0x0000000000000000, R10=0x00000000d072dee3, R11=0x00000000bcefc3be
R12=0x00007fe1b9012800, R13=0x6d754e6576697461, R14=0x6d754e6576697461, R15=0x00007fe1b8e001c0
RIP=0x000000010fe0c228, EFLAGS=0x0000000000010202, ERR=0x0000000000000000
  TRAPNO=0x000000000000000d

Top of Stack: (sp=0x0000000126c4d9d0)
0x0000000126c4d9d0:   0000000126c4da8b 0000000126c4da8b
0x0000000126c4d9e0:   0000000126c4da40 000000010fd2552a
0x0000000126c4d9f0:   00007fe1b9012800 0000000000000000
0x0000000126c4da00:   0000000000000000 0000000000000000
0x0000000126c4da10:   00007fe1b9012800 00007fe1b9012800
0x0000000126c4da20:   0000000126c4da8b 0000000126c4da90
0x0000000126c4da30:   6d754e6576697461 0000000000000059
0x0000000126c4da40:   0000000126c4da60 000000010f17e7dc
0x0000000126c4da50:   0000000000000001 0000000126c4db08
0x0000000126c4da60:   0000000126c4dad0 000000010f163263
0x0000000126c4da70:   0000000126c4daa0 00007fe1b8f23d80
0x0000000126c4da80:   0000005a00000032 0000000800c4db08
0x0000000126c4da90:   0000000000000000 0000000000000000
0x0000000126c4daa0:   0000000000000000 0000000126c4dc90
0x0000000126c4dab0:   000000010f185eca 00007fe1b8e314a0
0x0000000126c4dac0:   0000000126c4db08 000000010f191588
0x0000000126c4dad0:   0000000126c4dae0 000000010f16335c
0x0000000126c4dae0:   0000000126c4dd00 000000010f16c8f6
0x0000000126c4daf0:   000016ac00000013 00000000000f0200
0x0000000126c4db00:   00007fe1b8e539e0 00007fe1ba84e29a
0x0000000126c4db10:   00007fe100000a26 00007fe1b8f122b0
0x0000000126c4db20:   00007fe10000012c 0000000126c4db58
0x0000000126c4db30:   00007fe1b8f242b0 00007f0000000000
0x0000000126c4db40:   000016ac0000000f 00007fff00007e80
0x0000000126c4db50:   0000000126c4db58 e17f00005a000000
0x0000000126c4db60:   06000000504ee5b8 00003e74696e693c
0x0000000126c4db70:   0000005629280300 7f00000100000000
0x0000000126c4db80:   00000070a8f1b8e1 6e61697254736915
0x0000000126c4db90:   72656e6547656c67 000064657a696c61
0x0000000126c4dba0:   00005a2949280400 0000090000000000
0x0000000126c4dbb0:   000078a8f1b8e17f 6972546572611200
0x0000000126c4dbc0:   6d754e656c676e61 0500000073726562 

Instructions: (pc=0x000000010fe0c228)
0x000000010fe0c208:   40 48 48 85 c0 75 e0 30 c0 0f b6 c0 5d c3 31 c0
0x000000010fe0c218:   5d c3 55 48 89 e5 53 48 83 ec 08 48 85 ff 74 24
0x000000010fe0c228:   48 8b 1f 48 85 db 74 1c 48 83 fb 37 74 16 48 8b
0x000000010fe0c238:   03 48 89 df ff 50 08 84 c0 b8 00 00 00 00 48 0f 

Register to memory mapping:

RAX=0x0000000000000001 is an unknown value
RBX=0x0000000126c4da8b is pointing into the stack for thread: 0x00007fe1b9012800
RCX=0x00000001101b0780: UseMembar+0 in /Library/Java/JavaVirtualMachines/jdk1.8.0_11.jdk/Contents/Home/jre/lib/server/libjvm.dylib at 0x000000010fa00000
RDX=0x0000000126c4da8b is pointing into the stack for thread: 0x00007fe1b9012800
RSP=0x0000000126c4d9d0 is pointing into the stack for thread: 0x00007fe1b9012800
RBP=0x0000000126c4d9e0 is pointing into the stack for thread: 0x00007fe1b9012800
RSI=0x00007fe1b9012800 is a thread
RDI=0x6d754e6576697461 is an unknown value
R8 =0x00007fe1b8f12280 is an unknown value
R9 =0x0000000000000000 is an unknown value
R10=0x00000000d072dee3 is an unknown value
R11=0x00000000bcefc3be is an unknown value
R12=0x00007fe1b9012800 is a thread
R13=0x6d754e6576697461 is an unknown value
R14=0x6d754e6576697461 is an unknown value
R15=0x00007fe1b8e001c0 is an unknown value


Stack: [0x0000000126b4e000,0x0000000126c4e000],  sp=0x0000000126c4d9d0,  free space=1022k
Native frames: (J=compiled Java code, j=interpreted, Vv=VM code, C=native code)
V  [libjvm.dylib+0x40c228]
V  [libjvm.dylib+0x32552a]
C  [libjdwp.dylib+0x207dc]  isMethodSynthetic+0x63
C  [libjdwp.dylib+0x5263]  methods1+0x10b
C  [libjdwp.dylib+0x535c]  methodsWithGeneric+0xe
C  [libjdwp.dylib+0xe8f6]  debugLoop_run+0x1ce
C  [libjdwp.dylib+0x1f716]  attachThread+0x4d
V  [libjvm.dylib+0x36659a]
V  [libjvm.dylib+0x51d86d]
V  [libjvm.dylib+0x51efaa]
V  [libjvm.dylib+0x446026]
C  [libsystem_pthread.dylib+0x1899]  _pthread_body+0x8a
C  [libsystem_pthread.dylib+0x172a]  _pthread_struct_init+0x0
C  [libsystem_pthread.dylib+0x5fc9]  thread_start+0xd


---------------  P R O C E S S  ---------------

Java Threads: ( => current thread )
  0x00007fe1b904e800 JavaThread "Service Thread" daemon [_thread_blocked, id=21251, stack(0x0000000127160000,0x0000000127260000)]
  0x00007fe1ba064800 JavaThread "C1 CompilerThread2" daemon [_thread_blocked, id=20739, stack(0x000000012705d000,0x000000012715d000)]
  0x00007fe1ba822800 JavaThread "C2 CompilerThread1" daemon [_thread_blocked, id=20227, stack(0x0000000126f5a000,0x000000012705a000)]
  0x00007fe1b9015800 JavaThread "C2 CompilerThread0" daemon [_thread_blocked, id=19715, stack(0x0000000126e57000,0x0000000126f57000)]
  0x00007fe1b9015000 JavaThread "JDWP Command Reader" daemon [_thread_in_native, id=19203, stack(0x0000000126d54000,0x0000000126e54000)]
  0x00007fe1b900a000 JavaThread "JDWP Event Helper Thread" daemon [_thread_blocked, id=18691, stack(0x0000000126c51000,0x0000000126d51000)]
=>0x00007fe1b9012800 JavaThread "JDWP Transport Listener: dt_socket" daemon [_thread_in_vm, id=18179, stack(0x0000000126b4e000,0x0000000126c4e000)]
  0x00007fe1b9813000 JavaThread "Signal Dispatcher" daemon [_thread_blocked, id=17667, stack(0x0000000126a44000,0x0000000126b44000)]
  0x00007fe1b9011800 JavaThread "Finalizer" daemon [_thread_blocked, id=12547, stack(0x000000012680b000,0x000000012690b000)]
  0x00007fe1b9011000 JavaThread "Reference Handler" daemon [_thread_blocked, id=12035, stack(0x0000000126708000,0x0000000126808000)]
  0x00007fe1ba001000 JavaThread "main" [_thread_blocked, id=6403, stack(0x000000010f019000,0x000000010f119000)]

Other Threads:
  0x00007fe1ba059800 VMThread [stack: 0x0000000126605000,0x0000000126705000] [id=11523]
  0x00007fe1ba81d000 WatcherThread [stack: 0x0000000127263000,0x0000000127363000] [id=21763]

VM state:not at safepoint (normal execution)

VM Mutex/Monitor currently owned by a thread: None

Heap:
 PSYoungGen      total 3072K, used 1335K [0x0000000795580000, 0x0000000795b80000, 0x00000007c0000000)
  eden space 2048K, 33% used [0x0000000795580000,0x0000000795629e00,0x0000000795780000)
  from space 1024K, 64% used [0x0000000795780000,0x0000000795824010,0x0000000795880000)
  to   space 1024K, 0% used [0x0000000795a80000,0x0000000795a80000,0x0000000795b80000)
 ParOldGen       total 129536K, used 733K [0x0000000740000000, 0x0000000747e80000, 0x0000000795580000)
  object space 129536K, 0% used [0x0000000740000000,0x00000007400b75f0,0x0000000747e80000)
 Metaspace       used 5564K, capacity 5726K, committed 5888K, reserved 1056768K
  class space    used 676K, capacity 729K, committed 768K, reserved 1048576K

Card table byte_map: [0x000000011fc81000,0x0000000120082000] byte_map_base: 0x000000011c281000

Marking Bits: (ParMarkBitMap*) 0x00000001102670a0
 Begin Bits: [0x0000000120739000, 0x0000000122739000)
 End Bits:   [0x0000000122739000, 0x0000000124739000)

Polling page: 0x000000010f15d000

CodeCache: size=245760Kb used=2024Kb max_used=2035Kb free=243735Kb
 bounds [0x00000001108c1000, 0x0000000110b31000, 0x000000011f8c1000]
 total_blobs=695 nmethods=426 adapters=193
 compilation: enabled

Compilation events (10 events):
Event: 0.737 Thread 0x00007fe1ba064800 nmethod 417 0x0000000110ab6550 code [0x0000000110ab66a0, 0x0000000110ab67d0]
Event: 0.737 Thread 0x00007fe1ba064800  418       3       jdk.internal.org.objectweb.asm.MethodWriter::visitVarInsn (292 bytes)
Event: 0.739 Thread 0x00007fe1ba064800 nmethod 418 0x0000000110ab6890 code [0x0000000110ab6ac0, 0x0000000110ab7528]
Event: 0.739 Thread 0x00007fe1ba064800  420       3       java.lang.StringBuffer::<init> (7 bytes)
Event: 0.739 Thread 0x00007fe1ba064800 nmethod 420 0x0000000110ab7950 code [0x0000000110ab7ac0, 0x0000000110ab7d70]
Event: 0.739 Thread 0x00007fe1ba064800  421       1       java.nio.charset.Charset::name (5 bytes)
Event: 0.740 Thread 0x00007fe1ba064800 nmethod 421 0x0000000110ab7e90 code [0x0000000110ab7fe0, 0x0000000110ab80f0]
Event: 0.740 Thread 0x00007fe1ba064800  419       3       java.lang.invoke.InvokerBytecodeGenerator::emitLoadInsn (124 bytes)
Event: 0.740 Thread 0x00007fe1ba064800 nmethod 419 0x0000000110ab8150 code [0x0000000110ab8360, 0x0000000110ab8e08]
Event: 0.743 Thread 0x00007fe1b9015800 nmethod 406 0x0000000110abcd10 code [0x0000000110abcf00, 0x0000000110abdb10]

GC Heap History (10 events):
Event: 0.328 GC heap before
{Heap before GC invocations=3 (full 0):
 PSYoungGen      total 1024K, used 1008K [0x0000000795580000, 0x0000000795780000, 0x00000007c0000000)
  eden space 512K, 100% used [0x0000000795580000,0x0000000795600000,0x0000000795600000)
  from space 512K, 96% used [0x0000000795680000,0x00000007956fc010,0x0000000795700000)
  to   space 512K, 0% used [0x0000000795600000,0x0000000795600000,0x0000000795680000)
 ParOldGen       total 129536K, used 40K [0x0000000740000000, 0x0000000747e80000, 0x0000000795580000)
  object space 129536K, 0% used [0x0000000740000000,0x000000074000a000,0x0000000747e80000)
 Metaspace       used 2923K, capacity 4566K, committed 4864K, reserved 1056768K
  class space    used 312K, capacity 390K, committed 512K, reserved 1048576K
Event: 0.330 GC heap after
Heap after GC invocations=3 (full 0):
 PSYoungGen      total 1024K, used 512K [0x0000000795580000, 0x0000000795780000, 0x00000007c0000000)
  eden space 512K, 0% used [0x0000000795580000,0x0000000795580000,0x0000000795600000)
  from space 512K, 100% used [0x0000000795600000,0x0000000795680000,0x0000000795680000)
  to   space 512K, 0% used [0x0000000795700000,0x0000000795700000,0x0000000795780000)
 ParOldGen       total 129536K, used 184K [0x0000000740000000, 0x0000000747e80000, 0x0000000795580000)
  object space 129536K, 0% used [0x0000000740000000,0x000000074002e010,0x0000000747e80000)
 Metaspace       used 2923K, capacity 4566K, committed 4864K, reserved 1056768K
  class space    used 312K, capacity 390K, committed 512K, reserved 1048576K
}
Event: 0.356 GC heap before
{Heap before GC invocations=4 (full 0):
 PSYoungGen      total 1024K, used 1024K [0x0000000795580000, 0x0000000795780000, 0x00000007c0000000)
  eden space 512K, 100% used [0x0000000795580000,0x0000000795600000,0x0000000795600000)
  from space 512K, 100% used [0x0000000795600000,0x0000000795680000,0x0000000795680000)
  to   space 512K, 0% used [0x0000000795700000,0x0000000795700000,0x0000000795780000)
 ParOldGen       total 129536K, used 184K [0x0000000740000000, 0x0000000747e80000, 0x0000000795580000)
  object space 129536K, 0% used [0x0000000740000000,0x000000074002e010,0x0000000747e80000)
 Metaspace       used 3047K, capacity 4664K, committed 4864K, reserved 1056768K
  class space    used 327K, capacity 424K, committed 512K, reserved 1048576K
Event: 0.360 GC heap after
Heap after GC invocations=4 (full 0):
 PSYoungGen      total 1536K, used 496K [0x0000000795580000, 0x0000000795780000, 0x00000007c0000000)
  eden space 1024K, 0% used [0x0000000795580000,0x0000000795580000,0x0000000795680000)
  from space 512K, 96% used [0x0000000795700000,0x000000079577c010,0x0000000795780000)
  to   space 512K, 0% used [0x0000000795680000,0x0000000795680000,0x0000000795700000)
 ParOldGen       total 129536K, used 310K [0x0000000740000000, 0x0000000747e80000, 0x0000000795580000)
  object space 129536K, 0% used [0x0000000740000000,0x000000074004d968,0x0000000747e80000)
 Metaspace       used 3047K, capacity 4664K, committed 4864K, reserved 1056768K
  class space    used 327K, capacity 424K, committed 512K, reserved 1048576K
}
Event: 0.412 GC heap before
{Heap before GC invocations=5 (full 0):
 PSYoungGen      total 1536K, used 1520K [0x0000000795580000, 0x0000000795780000, 0x00000007c0000000)
  eden space 1024K, 100% used [0x0000000795580000,0x0000000795680000,0x0000000795680000)
  from space 512K, 96% used [0x0000000795700000,0x000000079577c010,0x0000000795780000)
  to   space 512K, 0% used [0x0000000795680000,0x0000000795680000,0x0000000795700000)
 ParOldGen       total 129536K, used 310K [0x0000000740000000, 0x0000000747e80000, 0x0000000795580000)
  object space 129536K, 0% used [0x0000000740000000,0x000000074004d968,0x0000000747e80000)
 Metaspace       used 3327K, capacity 4728K, committed 4864K, reserved 1056768K
  class space    used 368K, capacity 424K, committed 512K, reserved 1048576K
Event: 0.413 GC heap after
Heap after GC invocations=5 (full 0):
 PSYoungGen      total 1536K, used 496K [0x0000000795580000, 0x0000000795980000, 0x00000007c0000000)
  eden space 1024K, 0% used [0x0000000795580000,0x0000000795580000,0x0000000795680000)
  from space 512K, 96% used [0x0000000795680000,0x00000007956fc030,0x0000000795700000)
  to   space 1024K, 0% used [0x0000000795880000,0x0000000795880000,0x0000000795980000)
 ParOldGen       total 129536K, used 413K [0x0000000740000000, 0x0000000747e80000, 0x0000000795580000)
  object space 129536K, 0% used [0x0000000740000000,0x00000007400675a0,0x0000000747e80000)
 Metaspace       used 3327K, capacity 4728K, committed 4864K, reserved 1056768K
  class space    used 368K, capacity 424K, committed 512K, reserved 1048576K
}
Event: 0.477 GC heap before
{Heap before GC invocations=6 (full 0):
 PSYoungGen      total 1536K, used 1520K [0x0000000795580000, 0x0000000795980000, 0x00000007c0000000)
  eden space 1024K, 100% used [0x0000000795580000,0x0000000795680000,0x0000000795680000)
  from space 512K, 96% used [0x0000000795680000,0x00000007956fc030,0x0000000795700000)
  to   space 1024K, 0% used [0x0000000795880000,0x0000000795880000,0x0000000795980000)
 ParOldGen       total 129536K, used 413K [0x0000000740000000, 0x0000000747e80000, 0x0000000795580000)
  object space 129536K, 0% used [0x0000000740000000,0x00000007400675a0,0x0000000747e80000)
 Metaspace       used 3436K, capacity 4824K, committed 5120K, reserved 1056768K
  class space    used 387K, capacity 456K, committed 512K, reserved 1048576K
Event: 0.478 GC heap after
Heap after GC invocations=6 (full 0):
 PSYoungGen      total 3072K, used 672K [0x0000000795580000, 0x0000000795980000, 0x00000007c0000000)
  eden space 2048K, 0% used [0x0000000795580000,0x0000000795580000,0x0000000795780000)
  from space 1024K, 65% used [0x0000000795880000,0x0000000795928020,0x0000000795980000)
  to   space 1024K, 0% used [0x0000000795780000,0x0000000795780000,0x0000000795880000)
 ParOldGen       total 129536K, used 421K [0x0000000740000000, 0x0000000747e80000, 0x0000000795580000)
  object space 129536K, 0% used [0x0000000740000000,0x00000007400695a0,0x0000000747e80000)
 Metaspace       used 3436K, capacity 4824K, committed 5120K, reserved 1056768K
  class space    used 387K, capacity 456K, committed 512K, reserved 1048576K
}
Event: 0.694 GC heap before
{Heap before GC invocations=7 (full 0):
 PSYoungGen      total 3072K, used 2720K [0x0000000795580000, 0x0000000795980000, 0x00000007c0000000)
  eden space 2048K, 100% used [0x0000000795580000,0x0000000795780000,0x0000000795780000)
  from space 1024K, 65% used [0x0000000795880000,0x0000000795928020,0x0000000795980000)
  to   space 1024K, 0% used [0x0000000795780000,0x0000000795780000,0x0000000795880000)
 ParOldGen       total 129536K, used 421K [0x0000000740000000, 0x0000000747e80000, 0x0000000795580000)
  object space 129536K, 0% used [0x0000000740000000,0x00000007400695a0,0x0000000747e80000)
 Metaspace       used 4955K, capacity 5222K, committed 5248K, reserved 1056768K
  class space    used 582K, capacity 625K, committed 640K, reserved 1048576K
Event: 0.696 GC heap after
Heap after GC invocations=7 (full 0):
 PSYoungGen      total 3072K, used 656K [0x0000000795580000, 0x0000000795b80000, 0x00000007c0000000)
  eden space 2048K, 0% used [0x0000000795580000,0x0000000795580000,0x0000000795780000)
  from space 1024K, 64% used [0x0000000795780000,0x0000000795824010,0x0000000795880000)
  to   space 1024K, 0% used [0x0000000795a80000,0x0000000795a80000,0x0000000795b80000)
 ParOldGen       total 129536K, used 733K [0x0000000740000000, 0x0000000747e80000, 0x0000000795580000)
  object space 129536K, 0% used [0x0000000740000000,0x00000007400b75f0,0x0000000747e80000)
 Metaspace       used 4955K, capacity 5222K, committed 5248K, reserved 1056768K
  class space    used 582K, capacity 625K, committed 640K, reserved 1048576K
}

Deoptimization events (0 events):
No events

Internal exceptions (10 events):
Event: 0.594 Thread 0x00007fe1ba001000 Exception <a 'java/security/PrivilegedActionException'> (0x00000007956b8a68) thrown at [/HUDSON3/workspace/8-2-build-macosx-x86_64/jdk8u11/648/hotspot/src/share/vm/prims/jvm.cpp, line 1248]
Event: 0.595 Thread 0x00007fe1ba001000 Exception <a 'java/security/PrivilegedActionException'> (0x00000007956bf010) thrown at [/HUDSON3/workspace/8-2-build-macosx-x86_64/jdk8u11/648/hotspot/src/share/vm/prims/jvm.cpp, line 1248]
Event: 0.596 Thread 0x00007fe1ba001000 Exception <a 'java/security/PrivilegedActionException'> (0x00000007956c73e0) thrown at [/HUDSON3/workspace/8-2-build-macosx-x86_64/jdk8u11/648/hotspot/src/share/vm/prims/jvm.cpp, line 1248]
Event: 0.597 Thread 0x00007fe1ba001000 Exception <a 'java/security/PrivilegedActionException'> (0x00000007956cb098) thrown at [/HUDSON3/workspace/8-2-build-macosx-x86_64/jdk8u11/648/hotspot/src/share/vm/prims/jvm.cpp, line 1248]
Event: 0.628 Thread 0x00007fe1ba001000 Exception <a 'java/lang/ClassNotFoundException': java/lang/Null> (0x00000007956e9f38) thrown at [/HUDSON3/workspace/8-2-build-macosx-x86_64/jdk8u11/648/hotspot/src/share/vm/classfile/systemDictionary.cpp, line 202]
Event: 0.670 Thread 0x00007fe1ba001000 Exception <a 'java/lang/NoSuchFieldError': method resolution failed> (0x0000000795741240) thrown at [/HUDSON3/workspace/8-2-build-macosx-x86_64/jdk8u11/648/hotspot/src/share/vm/prims/methodHandles.cpp, line 1159]
Event: 0.673 Thread 0x00007fe1ba001000 Exception <a 'java/lang/NoSuchFieldError': method resolution failed> (0x0000000795750118) thrown at [/HUDSON3/workspace/8-2-build-macosx-x86_64/jdk8u11/648/hotspot/src/share/vm/prims/methodHandles.cpp, line 1159]
Event: 0.677 Thread 0x00007fe1ba001000 Exception <a 'java/lang/NoSuchFieldError': method resolution failed> (0x00000007957535c0) thrown at [/HUDSON3/workspace/8-2-build-macosx-x86_64/jdk8u11/648/hotspot/src/share/vm/prims/methodHandles.cpp, line 1159]
Event: 0.725 Thread 0x00007fe1ba001000 Exception <a 'java/security/PrivilegedActionException'> (0x00000007955c94c8) thrown at [/HUDSON3/workspace/8-2-build-macosx-x86_64/jdk8u11/648/hotspot/src/share/vm/prims/jvm.cpp, line 1248]
Event: 0.726 Thread 0x00007fe1ba001000 Exception <a 'java/security/PrivilegedActionException'> (0x00000007955d23c8) thrown at [/HUDSON3/workspace/8-2-build-macosx-x86_64/jdk8u11/648/hotspot/src/share/vm/prims/jvm.cpp, line 1248]

Events (10 events):
Event: 246.387 Executing VM operation: RedefineClasses
Event: 246.390 Executing VM operation: RedefineClasses done
Event: 246.395 Executing VM operation: ChangeBreakpoints
Event: 246.395 Executing VM operation: ChangeBreakpoints done
Event: 273.683 Executing VM operation: ChangeBreakpoints
Event: 273.683 Executing VM operation: ChangeBreakpoints done
Event: 273.689 Executing VM operation: RedefineClasses
Event: 273.692 Executing VM operation: RedefineClasses done
Event: 273.700 Executing VM operation: ChangeBreakpoints
Event: 273.700 Executing VM operation: ChangeBreakpoints done


Dynamic libraries:
0x00000000075fe000 	/System/Library/Frameworks/Cocoa.framework/Versions/A/Cocoa
0x00000000075fe000 	/System/Library/Frameworks/Security.framework/Versions/A/Security
0x00000000075fe000 	/System/Library/Frameworks/ApplicationServices.framework/Versions/A/ApplicationServices
0x00000000075fe000 	/usr/lib/libz.1.dylib
0x00000000075fe000 	/usr/lib/libSystem.B.dylib
0x00000000075fe000 	/usr/lib/libobjc.A.dylib
0x00000000075fe000 	/System/Library/Frameworks/CoreFoundation.framework/Versions/A/CoreFoundation
0x00000000075fe000 	/System/Library/Frameworks/Foundation.framework/Versions/C/Foundation
0x00000000075fe000 	/System/Library/Frameworks/AppKit.framework/Versions/C/AppKit
0x00000000075fe000 	/System/Library/Frameworks/CoreData.framework/Versions/A/CoreData
0x00000000075fe000 	/System/Library/PrivateFrameworks/RemoteViewServices.framework/Versions/A/RemoteViewServices
0x00000000075fe000 	/System/Library/Frameworks/AudioToolbox.framework/Versions/A/AudioToolbox
0x00000000075fe000 	/System/Library/Frameworks/AudioUnit.framework/Versions/A/AudioUnit
0x00000000075fe000 	/System/Library/PrivateFrameworks/DataDetectorsCore.framework/Versions/A/DataDetectorsCore
0x00000000075fe000 	/System/Library/PrivateFrameworks/DesktopServicesPriv.framework/Versions/A/DesktopServicesPriv
0x00000000075fe000 	/System/Library/Frameworks/Carbon.framework/Versions/A/Frameworks/HIToolbox.framework/Versions/A/HIToolbox
0x00000000075fe000 	/System/Library/Frameworks/QuartzCore.framework/Versions/A/QuartzCore
0x00000000075fe000 	/System/Library/Frameworks/Carbon.framework/Versions/A/Frameworks/SpeechRecognition.framework/Versions/A/SpeechRecognition
0x00000000075fe000 	/usr/lib/libauto.dylib
0x00000000075fe000 	/usr/lib/libicucore.A.dylib
0x00000000075fe000 	/usr/lib/libxml2.2.dylib
0x00000000075fe000 	/System/Library/PrivateFrameworks/CoreUI.framework/Versions/A/CoreUI
0x00000000075fe000 	/System/Library/Frameworks/CoreAudio.framework/Versions/A/CoreAudio
0x00000000075fe000 	/System/Library/Frameworks/DiskArbitration.framework/Versions/A/DiskArbitration
0x00000000075fe000 	/usr/lib/liblangid.dylib
0x00000000075fe000 	/System/Library/PrivateFrameworks/MultitouchSupport.framework/Versions/A/MultitouchSupport
0x00000000075fe000 	/System/Library/Frameworks/IOKit.framework/Versions/A/IOKit
0x00000000075fe000 	/usr/lib/libDiagnosticMessagesClient.dylib
0x00000000075fe000 	/System/Library/Frameworks/CoreServices.framework/Versions/A/CoreServices
0x00000000075fe000 	/System/Library/PrivateFrameworks/PerformanceAnalysis.framework/Versions/A/PerformanceAnalysis
0x00000000075fe000 	/System/Library/PrivateFrameworks/GenerationalStorage.framework/Versions/A/GenerationalStorage
0x00000000075fe000 	/System/Library/Frameworks/OpenGL.framework/Versions/A/OpenGL
0x00000000075fe000 	/System/Library/PrivateFrameworks/Sharing.framework/Versions/A/Sharing
0x00000000075fe000 	/System/Library/Frameworks/ImageIO.framework/Versions/A/ImageIO
0x00000000075fe000 	/System/Library/Frameworks/CoreText.framework/Versions/A/CoreText
0x00000000075fe000 	/System/Library/Frameworks/CoreGraphics.framework/Versions/A/CoreGraphics
0x00000000075fe000 	/System/Library/PrivateFrameworks/Backup.framework/Versions/A/Backup
0x00000000075fe000 	/System/Library/Frameworks/CFNetwork.framework/Versions/A/CFNetwork
0x00000000075fe000 	/System/Library/Frameworks/SystemConfiguration.framework/Versions/A/SystemConfiguration
0x00000000075fe000 	/usr/lib/libCRFSuite.dylib
0x00000000075fe000 	/usr/lib/libc++.1.dylib
0x00000000075fe000 	/usr/lib/libc++abi.dylib
0x00000000075fe000 	/usr/lib/system/libcache.dylib
0x00000000075fe000 	/usr/lib/system/libcommonCrypto.dylib
0x00000000075fe000 	/usr/lib/system/libcompiler_rt.dylib
0x00000000075fe000 	/usr/lib/system/libcopyfile.dylib
0x00000000075fe000 	/usr/lib/system/libcorecrypto.dylib
0x00000000075fe000 	/usr/lib/system/libdispatch.dylib
0x00000000075fe000 	/usr/lib/system/libdyld.dylib
0x00000000075fe000 	/usr/lib/system/libkeymgr.dylib
0x00000000075fe000 	/usr/lib/system/liblaunch.dylib
0x00000000075fe000 	/usr/lib/system/libmacho.dylib
0x00000000075fe000 	/usr/lib/system/libquarantine.dylib
0x00000000075fe000 	/usr/lib/system/libremovefile.dylib
0x00000000075fe000 	/usr/lib/system/libsystem_asl.dylib
0x00000000075fe000 	/usr/lib/system/libsystem_blocks.dylib
0x00000000075fe000 	/usr/lib/system/libsystem_c.dylib
0x00000000075fe000 	/usr/lib/system/libsystem_configuration.dylib
0x00000000075fe000 	/usr/lib/system/libsystem_dnssd.dylib
0x00000000075fe000 	/usr/lib/system/libsystem_info.dylib
0x00000000075fe000 	/usr/lib/system/libsystem_kernel.dylib
0x00000000075fe000 	/usr/lib/system/libsystem_m.dylib
0x00000000075fe000 	/usr/lib/system/libsystem_malloc.dylib
0x00000000075fe000 	/usr/lib/system/libsystem_network.dylib
0x00000000075fe000 	/usr/lib/system/libsystem_notify.dylib
0x00000000075fe000 	/usr/lib/system/libsystem_platform.dylib
0x00000000075fe000 	/usr/lib/system/libsystem_pthread.dylib
0x00000000075fe000 	/usr/lib/system/libsystem_sandbox.dylib
0x00000000075fe000 	/usr/lib/system/libsystem_stats.dylib
0x00000000075fe000 	/usr/lib/system/libunc.dylib
0x00000000075fe000 	/usr/lib/system/libunwind.dylib
0x00000000075fe000 	/usr/lib/system/libxpc.dylib
0x00000000075fe000 	/usr/lib/libbsm.0.dylib
0x00000000075fe000 	/usr/lib/libsqlite3.dylib
0x00000000075fe000 	/usr/lib/libxar.1.dylib
0x00000000075fe000 	/usr/lib/libpam.2.dylib
0x00000000075fe000 	/usr/lib/libOpenScriptingUtil.dylib
0x00000000075fe000 	/usr/lib/libbz2.1.0.dylib
0x00000000075fe000 	/System/Library/Frameworks/CoreServices.framework/Versions/A/Frameworks/CarbonCore.framework/Versions/A/CarbonCore
0x00000000075fe000 	/System/Library/Frameworks/CoreServices.framework/Versions/A/Frameworks/Metadata.framework/Versions/A/Metadata
0x00000000075fe000 	/System/Library/Frameworks/CoreServices.framework/Versions/A/Frameworks/OSServices.framework/Versions/A/OSServices
0x00000000075fe000 	/System/Library/Frameworks/CoreServices.framework/Versions/A/Frameworks/SearchKit.framework/Versions/A/SearchKit
0x00000000075fe000 	/System/Library/Frameworks/CoreServices.framework/Versions/A/Frameworks/AE.framework/Versions/A/AE
0x00000000075fe000 	/System/Library/Frameworks/CoreServices.framework/Versions/A/Frameworks/LaunchServices.framework/Versions/A/LaunchServices
0x00000000075fe000 	/System/Library/Frameworks/CoreServices.framework/Versions/A/Frameworks/DictionaryServices.framework/Versions/A/DictionaryServices
0x00000000075fe000 	/System/Library/Frameworks/NetFS.framework/Versions/A/NetFS
0x00000000075fe000 	/usr/lib/system/libkxld.dylib
0x00000000075fe000 	/System/Library/PrivateFrameworks/NetAuth.framework/Versions/A/NetAuth
0x00000000075fe000 	/System/Library/PrivateFrameworks/TCC.framework/Versions/A/TCC
0x00000000075fe000 	/System/Library/Frameworks/OpenDirectory.framework/Versions/A/Frameworks/CFOpenDirectory.framework/Versions/A/CFOpenDirectory
0x00000000075fe000 	/System/Library/Frameworks/ServiceManagement.framework/Versions/A/ServiceManagement
0x00000000075fe000 	/usr/lib/libxslt.1.dylib
0x00000000075fe000 	/System/Library/Frameworks/Carbon.framework/Versions/A/Frameworks/Ink.framework/Versions/A/Ink
0x00000000075fe000 	/System/Library/Frameworks/ApplicationServices.framework/Versions/A/Frameworks/ATS.framework/Versions/A/ATS
0x00000000075fe000 	/System/Library/Frameworks/ApplicationServices.framework/Versions/A/Frameworks/ColorSync.framework/Versions/A/ColorSync
0x00000000075fe000 	/System/Library/Frameworks/ApplicationServices.framework/Versions/A/Frameworks/HIServices.framework/Versions/A/HIServices
0x00000000075fe000 	/System/Library/Frameworks/ApplicationServices.framework/Versions/A/Frameworks/LangAnalysis.framework/Versions/A/LangAnalysis
0x00000000075fe000 	/System/Library/Frameworks/ApplicationServices.framework/Versions/A/Frameworks/PrintCore.framework/Versions/A/PrintCore
0x00000000075fe000 	/System/Library/Frameworks/ApplicationServices.framework/Versions/A/Frameworks/QD.framework/Versions/A/QD
0x00000000075fe000 	/System/Library/Frameworks/ApplicationServices.framework/Versions/A/Frameworks/SpeechSynthesis.framework/Versions/A/SpeechSynthesis
0x00000000075fe000 	/System/Library/Frameworks/IOSurface.framework/Versions/A/IOSurface
0x00000000075fe000 	/System/Library/Frameworks/Accelerate.framework/Versions/A/Accelerate
0x00000000075fe000 	/System/Library/Frameworks/Accelerate.framework/Versions/A/Frameworks/vImage.framework/Versions/A/vImage
0x00000000075fe000 	/System/Library/Frameworks/Accelerate.framework/Versions/A/Frameworks/vecLib.framework/Versions/A/vecLib
0x00000000075fe000 	/System/Library/Frameworks/Accelerate.framework/Versions/A/Frameworks/vecLib.framework/Versions/A/libvDSP.dylib
0x00000000075fe000 	/System/Library/Frameworks/Accelerate.framework/Versions/A/Frameworks/vecLib.framework/Versions/A/libvMisc.dylib
0x00000000075fe000 	/System/Library/Frameworks/Accelerate.framework/Versions/A/Frameworks/vecLib.framework/Versions/A/libLAPACK.dylib
0x00000000075fe000 	/System/Library/Frameworks/Accelerate.framework/Versions/A/Frameworks/vecLib.framework/Versions/A/libBLAS.dylib
0x00000000075fe000 	/System/Library/Frameworks/ApplicationServices.framework/Versions/A/Frameworks/ATS.framework/Versions/A/Resources/libFontParser.dylib
0x00000000075fe000 	/System/Library/Frameworks/ApplicationServices.framework/Versions/A/Frameworks/ATS.framework/Versions/A/Resources/libFontRegistry.dylib
0x00000000075fe000 	/System/Library/Frameworks/ImageIO.framework/Versions/A/Resources/libJPEG.dylib
0x00000000075fe000 	/System/Library/Frameworks/ImageIO.framework/Versions/A/Resources/libTIFF.dylib
0x00000000075fe000 	/System/Library/Frameworks/ImageIO.framework/Versions/A/Resources/libPng.dylib
0x00000000075fe000 	/System/Library/Frameworks/ImageIO.framework/Versions/A/Resources/libGIF.dylib
0x00000000075fe000 	/System/Library/Frameworks/ImageIO.framework/Versions/A/Resources/libJP2.dylib
0x00000000075fe000 	/System/Library/Frameworks/ImageIO.framework/Versions/A/Resources/libRadiance.dylib
0x00000000075fe000 	/usr/lib/libcups.2.dylib
0x00000000075fe000 	/System/Library/Frameworks/Kerberos.framework/Versions/A/Kerberos
0x00000000075fe000 	/System/Library/Frameworks/GSS.framework/Versions/A/GSS
0x00000000075fe000 	/usr/lib/libresolv.9.dylib
0x00000000075fe000 	/usr/lib/libiconv.2.dylib
0x00000000075fe000 	/System/Library/PrivateFrameworks/Heimdal.framework/Versions/A/Heimdal
0x00000000075fe000 	/System/Library/PrivateFrameworks/TrustEvaluationAgent.framework/Versions/A/TrustEvaluationAgent
0x00000000075fe000 	/usr/lib/libheimdal-asn1.dylib
0x00000000075fe000 	/System/Library/Frameworks/OpenDirectory.framework/Versions/A/OpenDirectory
0x00000000075fe000 	/System/Library/PrivateFrameworks/CommonAuth.framework/Versions/A/CommonAuth
0x00000000075fe000 	/System/Library/Frameworks/SecurityFoundation.framework/Versions/A/SecurityFoundation
0x00000000075fe000 	/System/Library/PrivateFrameworks/Bom.framework/Versions/A/Bom
0x00000000075fe000 	/System/Library/Frameworks/CoreVideo.framework/Versions/A/CoreVideo
0x00000000075fe000 	/System/Library/Frameworks/QuartzCore.framework/Versions/A/Frameworks/CoreImage.framework/Versions/A/CoreImage
0x00000000075fe000 	/System/Library/Frameworks/QuartzCore.framework/Versions/A/Frameworks/ScalableUserInterface.framework/Versions/A/ScalableUserInterface
0x00000000075fe000 	/System/Library/Frameworks/OpenGL.framework/Versions/A/Libraries/libGLU.dylib
0x00000000075fe000 	/System/Library/Frameworks/OpenGL.framework/Versions/A/Libraries/libGFXShared.dylib
0x00000000075fe000 	/System/Library/Frameworks/OpenGL.framework/Versions/A/Libraries/libGL.dylib
0x00000000075fe000 	/System/Library/Frameworks/OpenGL.framework/Versions/A/Libraries/libGLImage.dylib
0x00000000075fe000 	/System/Library/Frameworks/OpenGL.framework/Versions/A/Libraries/libCVMSPluginSupport.dylib
0x00000000075fe000 	/System/Library/Frameworks/OpenGL.framework/Versions/A/Libraries/libCoreVMClient.dylib
0x00000000075fe000 	/System/Library/PrivateFrameworks/FaceCore.framework/Versions/A/FaceCore
0x00000000075fe000 	/System/Library/PrivateFrameworks/CrashReporterSupport.framework/Versions/A/CrashReporterSupport
0x00000000075fe000 	/System/Library/Frameworks/OpenCL.framework/Versions/A/OpenCL
0x00000000075fe000 	/System/Library/PrivateFrameworks/AppleFSCompression.framework/Versions/A/AppleFSCompression
0x00000000075fe000 	/System/Library/PrivateFrameworks/Ubiquity.framework/Versions/A/Ubiquity
0x00000000075fe000 	/System/Library/PrivateFrameworks/IconServices.framework/Versions/A/IconServices
0x00000000075fe000 	/System/Library/PrivateFrameworks/ChunkingLibrary.framework/Versions/A/ChunkingLibrary
0x00000000075fe000 	/System/Library/PrivateFrameworks/CoreSymbolication.framework/Versions/A/CoreSymbolication
0x00000000075fe000 	/System/Library/PrivateFrameworks/Symbolication.framework/Versions/A/Symbolication
0x00000000075fe000 	/System/Library/PrivateFrameworks/DebugSymbols.framework/Versions/A/DebugSymbols
0x000000010fa00000 	/Library/Java/JavaVirtualMachines/jdk1.8.0_11.jdk/Contents/Home/jre/lib/server/libjvm.dylib
0x00000000075fe000 	/usr/lib/libstdc++.6.dylib
0x000000010f11b000 	/Library/Java/JavaVirtualMachines/jdk1.8.0_11.jdk/Contents/Home/jre/lib/libverify.dylib
0x000000010f129000 	/Library/Java/JavaVirtualMachines/jdk1.8.0_11.jdk/Contents/Home/jre/lib/libjava.dylib
0x000000010f15e000 	/Library/Java/JavaVirtualMachines/jdk1.8.0_11.jdk/Contents/Home/jre/lib/libjdwp.dylib
0x000000010f1a9000 	/Library/Java/JavaVirtualMachines/jdk1.8.0_11.jdk/Contents/Home/jre/lib/libnpt.dylib
0x000000010f1b6000 	/Library/Java/JavaVirtualMachines/jdk1.8.0_11.jdk/Contents/Home/jre/lib/libzip.dylib
0x000000010f1e8000 	/System/Library/Frameworks/JavaVM.framework/Frameworks/JavaRuntimeSupport.framework/JavaRuntimeSupport
0x000000012690d000 	/System/Library/Frameworks/JavaVM.framework/Versions/A/Frameworks/JavaNativeFoundation.framework/Versions/A/JavaNativeFoundation
0x0000000126922000 	/System/Library/Frameworks/JavaVM.framework/Versions/A/JavaVM
0x00000000075fe000 	/System/Library/Frameworks/Carbon.framework/Versions/A/Carbon
0x000000012692f000 	/System/Library/PrivateFrameworks/JavaLaunching.framework/Versions/A/JavaLaunching
0x00000000075fe000 	/System/Library/Frameworks/Carbon.framework/Versions/A/Frameworks/CommonPanels.framework/Versions/A/CommonPanels
0x00000000075fe000 	/System/Library/Frameworks/Carbon.framework/Versions/A/Frameworks/Help.framework/Versions/A/Help
0x00000000075fe000 	/System/Library/Frameworks/Carbon.framework/Versions/A/Frameworks/ImageCapture.framework/Versions/A/ImageCapture
0x00000000075fe000 	/System/Library/Frameworks/Carbon.framework/Versions/A/Frameworks/OpenScripting.framework/Versions/A/OpenScripting
0x00000000075fe000 	/System/Library/Frameworks/Carbon.framework/Versions/A/Frameworks/Print.framework/Versions/A/Print
0x00000000075fe000 	/System/Library/Frameworks/Carbon.framework/Versions/A/Frameworks/SecurityHI.framework/Versions/A/SecurityHI
0x0000000126b46000 	/Library/Java/JavaVirtualMachines/jdk1.8.0_11.jdk/Contents/Home/jre/lib/libdt_socket.dylib

VM Arguments:
jvm_args: -agentlib:jdwp=transport=dt_socket,address=127.0.0.1:62274,suspend=y,server=n -ea -Dfile.encoding=UTF-8 
java_command: com.intellij.rt.execution.junit.JUnitStarter -ideVersion5 com.yambacode.math.FigurativeNumbersTest
java_class_path (initial): /Applications/IntelliJ IDEA 13 CE.app/lib/idea_rt.jar:/Applications/IntelliJ IDEA 13 CE.app/plugins/junit/lib/junit-rt.jar:/Library/Java/JavaVirtualMachines/jdk1.8.0_11.jdk/Contents/Home/lib/ant-javafx.jar:/Library/Java/JavaVirtualMachines/jdk1.8.0_11.jdk/Contents/Home/lib/dt.jar:/Library/Java/JavaVirtualMachines/jdk1.8.0_11.jdk/Contents/Home/lib/javafx-mx.jar:/Library/Java/JavaVirtualMachines/jdk1.8.0_11.jdk/Contents/Home/lib/jconsole.jar:/Library/Java/JavaVirtualMachines/jdk1.8.0_11.jdk/Contents/Home/lib/sa-jdi.jar:/Library/Java/JavaVirtualMachines/jdk1.8.0_11.jdk/Contents/Home/lib/tools.jar:/Library/Java/JavaVirtualMachines/jdk1.8.0_11.jdk/Contents/Home/jre/lib/charsets.jar:/Library/Java/JavaVirtualMachines/jdk1.8.0_11.jdk/Contents/Home/jre/lib/deploy.jar:/Library/Java/JavaVirtualMachines/jdk1.8.0_11.jdk/Contents/Home/jre/lib/htmlconverter.jar:/Library/Java/JavaVirtualMachines/jdk1.8.0_11.jdk/Contents/Home/jre/lib/javaws.jar:/Library/Java/JavaVirtualMachines/jdk1.8.0_11.jdk/Contents/Home/jre/lib/jce.jar:/Library/Java/JavaVirtualMachines/jdk1.8.0_11.jdk/Contents/Home/jre/lib/jfr.jar:/Library/Java/JavaVirtualMachines/jdk1.8.0_11.jdk/Contents/Home/jre/lib/jfxswt.jar:/Library/Java/JavaVirtualMachines/jdk1.8.0_11.jdk/Contents/Home/jre/lib/jsse.jar:/Library/Java/JavaVirtualMachines/jdk1.8.0_11.jdk/Contents/Home/jre/lib/management-agent.jar:/Library/Java/JavaVirtualMachines/jdk1.8.0_11.jdk/Contents/Home/jre/lib/plugin.jar:/Library/Java/JavaVirtualMachines/jdk1.8.0_11.jdk/Contents/Home/jre/lib/resources.jar:/Library/Java/JavaVirtualMachines/jdk1.8.0_11.jdk/Contents/Home/jre/lib/rt.jar:/Library/Java/JavaVirtualMachines/jdk1.8.0_11.jdk/Contents/Home/jre/lib/ext/cldrdata.jar:/Library/Java/JavaVirtualMachines/jdk1.8.0_11.jdk/Contents/Home/jre/lib/ext/dnsns.jar:/Library/Java/JavaVirtualMachines/jdk1.8.0_11.jdk/Contents/Home/jre/lib/ext/jfxrt.jar:/Library/Java/JavaVirtualMachines/jdk1.8.0_11.jdk/Contents/Home/jre/lib/ext/localedata.jar:/Library/Jav
Launcher Type: SUN_STANDARD

Environment Variables:
JAVA_HOME=/Library/Java/JavaVirtualMachines/jdk1.8.0_11.jdk/Contents/Home
CLASSPATH=.:/usr/local/lib/antlr-4.3-complete.jar:
PATH=/Users/cbyamba/jboss-as-7.1.1.Final/bin:/Users/cbyamba/programming/maven/apache-maven-3.2.3/bin:/usr/local/mysql//bin:/Users/cbyamba/workspaces/scala/scala-2.9.2/bin:/Users/cbyamba/workspaces/scala/sbt/bin:/Applications/Postgres.app/Contents/MacOS/bin:/Library/Java/JavaVirtualMachines/jdk1.8.0_11.jdk/Contents/Home/bin:/Users/cbyamba/glassfish3/bin:/Users/cbyamba/programming/clojure/clojure-1.6.0:/usr/bin:/bin:/usr/sbin:/sbin:/usr/local/bin:/usr/local/git/bin:/usr/local/mongodb/bin:/Users/cbyamba/programming/db/jdbc/derby/db-derby-10.2.2.0-bin//bin
SHELL=/bin/bash

Signal Handlers:
SIGSEGV: [libjvm.dylib+0x56059b], sa_mask[0]=0xfffefeff, sa_flags=0x00000043
SIGBUS: [libjvm.dylib+0x56059b], sa_mask[0]=0xfffefeff, sa_flags=0x00000042
SIGFPE: [libjvm.dylib+0x4438f2], sa_mask[0]=0xfffefeff, sa_flags=0x00000042
SIGPIPE: [libjvm.dylib+0x4438f2], sa_mask[0]=0xfffefeff, sa_flags=0x00000042
SIGXFSZ: [libjvm.dylib+0x4438f2], sa_mask[0]=0xfffefeff, sa_flags=0x00000042
SIGILL: [libjvm.dylib+0x4438f2], sa_mask[0]=0xfffefeff, sa_flags=0x00000042
SIGUSR1: SIG_DFL, sa_mask[0]=0x00000000, sa_flags=0x00000002
SIGUSR2: [libjvm.dylib+0x443410], sa_mask[0]=0x00000004, sa_flags=0x00000042
SIGHUP: [libjvm.dylib+0x44179b], sa_mask[0]=0xfffefeff, sa_flags=0x00000042
SIGINT: [libjvm.dylib+0x44179b], sa_mask[0]=0xfffefeff, sa_flags=0x00000042
SIGTERM: [libjvm.dylib+0x44179b], sa_mask[0]=0xfffefeff, sa_flags=0x00000042
SIGQUIT: [libjvm.dylib+0x44179b], sa_mask[0]=0xfffefeff, sa_flags=0x00000042


---------------  S Y S T E M  ---------------

OS:Bsduname:Darwin 13.3.0 Darwin Kernel Version 13.3.0: Tue Jun  3 21:27:35 PDT 2014; root:xnu-2422.110.17~1/RELEASE_X86_64 x86_64
rlimit: STACK 8192k, CORE 0k, NPROC 709, NOFILE 10240, AS infinity
load average:2.45 1.95 1.68

CPU:total 4 (2 cores per cpu, 2 threads per core) family 6 model 58 stepping 9, cmov, cx8, fxsr, mmx, sse, sse2, sse3, ssse3, sse4.1, sse4.2, popcnt, avx, aes, clmul, erms, ht, tsc, tscinvbit

Memory: 4k page, physical 8388608k(2794324k free)

/proc/meminfo:


vm_info: Java HotSpot(TM) 64-Bit Server VM (25.11-b03) for bsd-amd64 JRE (1.8.0_11-b12), built on Jun 16 2014 17:39:42 by "java_re" with gcc 4.2.1 (Based on Apple Inc. build 5658) (LLVM build 2336.11.00)

time: Sat Sep 13 22:35:54 2014
elapsed time: 273 seconds

